<?xml version="1.0" encoding="UTF-8"?>
<!-- Generated by org.testng.reporters.JUnitReportReporter -->
<testsuite skipped="1" hostname="LAPTOP-32K94DSV" name="Demo.testngDemo.qsp.Demo6" tests="5" failures="0" timestamp="2021-02-08T05:17:27 IST" time="0.018" errors="0">
  <testcase name="tc2" time="0.012" classname="Demo.testngDemo.qsp.Demo6"/>
  <system-out>
2hii  </system-out>
  <testcase name="tc1" time="0.002" classname="Demo.testngDemo.qsp.Demo6"/>
  <system-out>
1hii  </system-out>
  <testcase name="tc3" time="0.002" classname="Demo.testngDemo.qsp.Demo6"/>
  <system-out>
3hii  </system-out>
  <testcase name="tc3" time="0.002" classname="Demo.testngDemo.qsp.Demo6"/>
  <system-out>
3hii  </system-out>
  <testcase name="tc4" classname="Demo.testngDemo.qsp.Demo6">
    <skipped/>
  </testcase> <!-- tc4 -->
  <system-out/>
</testsuite> <!-- Demo.testngDemo.qsp.Demo6 -->
