<?xml version="1.0" encoding="UTF-8"?>
<!-- Generated by org.testng.reporters.JUnitReportReporter -->
<testsuite skipped="0" hostname="LAPTOP-32K94DSV" name="Demo.testngDemo.qsp.Demo8" tests="7" failures="0" timestamp="2021-02-08T06:26:45 IST" time="0.028" errors="0">
  <testcase name="tc2" time="0.001" classname="Demo.testngDemo.qsp.Demo8"/>
  <system-out>
tc2  </system-out>
  <testcase name="tc7" time="0.011" classname="Demo.testngDemo.qsp.Demo8"/>
  <system-out>
tc7  </system-out>
  <testcase name="tc4" time="0.001" classname="Demo.testngDemo.qsp.Demo8"/>
  <system-out>
tc4  </system-out>
  <testcase name="tc5" time="0.007" classname="Demo.testngDemo.qsp.Demo8"/>
  <system-out>
tc5  </system-out>
  <testcase name="tc1" time="0.003" classname="Demo.testngDemo.qsp.Demo8"/>
  <system-out>
tc1  </system-out>
  <testcase name="tc3" time="0.004" classname="Demo.testngDemo.qsp.Demo8"/>
  <system-out>
tc3  </system-out>
  <testcase name="tc6" time="0.001" classname="Demo.testngDemo.qsp.Demo8"/>
  <system-out>
tc6  </system-out>
</testsuite> <!-- Demo.testngDemo.qsp.Demo8 -->
