<?xml version="1.0" encoding="UTF-8"?>
<!-- Generated by org.testng.reporters.JUnitReportReporter -->
<testsuite skipped="0" hostname="LAPTOP-32K94DSV" name="Demo.testngDemo.qsp.Demo4" tests="2" failures="0" timestamp="2021-02-08T04:40:30 IST" time="0.011" errors="0">
  <testcase name="tc1" time="0.007" classname="Demo.testngDemo.qsp.Demo4"/>
  <system-out/>
  <testcase name="tc2" time="0.004" classname="Demo.testngDemo.qsp.Demo4"/>
  <system-out/>
</testsuite> <!-- Demo.testngDemo.qsp.Demo4 -->
