<?xml version="1.0" encoding="UTF-8"?>
<!-- Generated by org.testng.reporters.JUnitReportReporter -->
<testsuite skipped="0" hostname="LAPTOP-32K94DSV" name="Demo.testngDemo.qsp.Demo3" tests="2" failures="0" timestamp="2021-02-08T04:09:41 IST" time="59.857" errors="0">
  <testcase name="tc_1" time="29.718" classname="Demo.testngDemo.qsp.Demo3"/>
  <system-out/>
  <testcase name="tc_2" time="30.139" classname="Demo.testngDemo.qsp.Demo3"/>
  <system-out/>
</testsuite> <!-- Demo.testngDemo.qsp.Demo3 -->
