<?xml version="1.0" encoding="UTF-8"?>
<!-- Generated by org.testng.reporters.JUnitReportReporter -->
<testsuite skipped="0" hostname="LAPTOP-32K94DSV" name="Demo.testngDemo.qsp.Demo5" tests="5" failures="0" timestamp="2021-02-08T04:56:06 IST" time="0.015" errors="0">
  <testcase name="tc" time="0.002" classname="Demo.testngDemo.qsp.Demo5"/>
  <system-out>
hiiii  </system-out>
  <testcase name="tc" time="0.001" classname="Demo.testngDemo.qsp.Demo5"/>
  <system-out>
hiiii  </system-out>
  <testcase name="tc" time="0.009" classname="Demo.testngDemo.qsp.Demo5"/>
  <system-out>
hiiii  </system-out>
  <testcase name="tc" time="0.001" classname="Demo.testngDemo.qsp.Demo5"/>
  <system-out>
hiiii  </system-out>
  <testcase name="tc" time="0.002" classname="Demo.testngDemo.qsp.Demo5"/>
  <system-out>
hiiii  </system-out>
</testsuite> <!-- Demo.testngDemo.qsp.Demo5 -->
