<?xml version="1.0" encoding="UTF-8"?>
<!-- Generated by org.testng.reporters.JUnitReportReporter -->
<testsuite skipped="0" hostname="LAPTOP-32K94DSV" name="Demo.testngDemo.qsp.Demo7" tests="3" failures="0" timestamp="2021-02-08T05:45:20 IST" time="0.013" errors="0">
  <testcase name="tc2" time="0.002" classname="Demo.testngDemo.qsp.Demo7"/>
  <system-out>
tc2  </system-out>
  <testcase name="tc1" time="0.002" classname="Demo.testngDemo.qsp.Demo7"/>
  <system-out>
tc1  </system-out>
  <testcase name="tc3" time="0.009" classname="Demo.testngDemo.qsp.Demo7"/>
  <system-out>
tc3  </system-out>
</testsuite> <!-- Demo.testngDemo.qsp.Demo7 -->
