<?xml version="1.0" encoding="UTF-8"?>
<!-- Generated by org.testng.reporters.JUnitReportReporter -->
<testsuite skipped="0" hostname="LAPTOP-32K94DSV" name="Demo.testngDemo.qsp.Demo1" tests="2" failures="0" timestamp="2021-02-08T03:43:22 IST" time="60.078" errors="0">
  <testcase name="tc_1" time="29.707" classname="Demo.testngDemo.qsp.Demo1"/>
  <system-out/>
  <testcase name="tc_2" time="30.371" classname="Demo.testngDemo.qsp.Demo1"/>
  <system-out/>
</testsuite> <!-- Demo.testngDemo.qsp.Demo1 -->
